<?xml version="1.0" encoding="UTF-8"?>
<testng-results ignored="0" total="2" passed="2" failed="0" skipped="0">
  <reporter-output>
  </reporter-output>
  <suite started-at="2026-02-01T12:40:06 IST" name="Suite" finished-at="2026-02-01T12:40:15 IST" duration-ms="9371">
    <groups>
      <group name="Master">
        <method signature="TC001_AccountRegistrationPage.verify_account()[pri:0, instance:testCases.TC001_AccountRegistrationPage@4ae9cfc1]" name="verify_account" class="testCases.TC001_AccountRegistrationPage"/>
        <method signature="TC002_LoginTest.Verify_login()[pri:0, instance:testCases.TC002_LoginTest@10a9d961]" name="Verify_login" class="testCases.TC002_LoginTest"/>
      </group> <!-- Master -->
      <group name="Sanity">
        <method signature="TC001_AccountRegistrationPage.verify_account()[pri:0, instance:testCases.TC001_AccountRegistrationPage@4ae9cfc1]" name="verify_account" class="testCases.TC001_AccountRegistrationPage"/>
      </group> <!-- Sanity -->
    </groups>
    <test started-at="2026-02-01T12:40:06 IST" name="Test" finished-at="2026-02-01T12:40:15 IST" duration-ms="9371">
      <class name="testCases.TC002_LoginTest">
        <test-method is-config="true" signature="Setup(java.lang.String,java.lang.String)[pri:0, instance:testCases.TC002_LoginTest@10a9d961]" started-at="2026-02-01T12:40:12 IST" name="Setup" finished-at="2026-02-01T12:40:14 IST" duration-ms="2181" status="PASS">
          <params>
            <param index="0">
              <value>
                <![CDATA[Linux]]>
              </value>
            </param>
            <param index="1">
              <value>
                <![CDATA[chrome]]>
              </value>
            </param>
          </params>
          <reporter-output>
          </reporter-output>
        </test-method> <!-- Setup -->
        <test-method signature="Verify_login()[pri:0, instance:testCases.TC002_LoginTest@10a9d961]" started-at="2026-02-01T12:40:14 IST" name="Verify_login" finished-at="2026-02-01T12:40:15 IST" duration-ms="801" status="PASS">
          <reporter-output>
          </reporter-output>
        </test-method> <!-- Verify_login -->
        <test-method is-config="true" signature="TearDown()[pri:0, instance:testCases.TC002_LoginTest@10a9d961]" started-at="2026-02-01T12:40:15 IST" name="TearDown" finished-at="2026-02-01T12:40:15 IST" duration-ms="195" status="PASS">
          <reporter-output>
          </reporter-output>
        </test-method> <!-- TearDown -->
      </class> <!-- testCases.TC002_LoginTest -->
      <class name="testCases.TC001_AccountRegistrationPage">
        <test-method is-config="true" signature="Setup(java.lang.String,java.lang.String)[pri:0, instance:testCases.TC001_AccountRegistrationPage@4ae9cfc1]" started-at="2026-02-01T12:40:06 IST" name="Setup" finished-at="2026-02-01T12:40:08 IST" duration-ms="2239" status="PASS">
          <params>
            <param index="0">
              <value>
                <![CDATA[Linux]]>
              </value>
            </param>
            <param index="1">
              <value>
                <![CDATA[chrome]]>
              </value>
            </param>
          </params>
          <reporter-output>
          </reporter-output>
        </test-method> <!-- Setup -->
        <test-method signature="verify_account()[pri:0, instance:testCases.TC001_AccountRegistrationPage@4ae9cfc1]" started-at="2026-02-01T12:40:08 IST" name="verify_account" finished-at="2026-02-01T12:40:11 IST" duration-ms="3400" status="PASS">
          <reporter-output>
          </reporter-output>
        </test-method> <!-- verify_account -->
        <test-method is-config="true" signature="TearDown()[pri:0, instance:testCases.TC001_AccountRegistrationPage@4ae9cfc1]" started-at="2026-02-01T12:40:11 IST" name="TearDown" finished-at="2026-02-01T12:40:12 IST" duration-ms="248" status="PASS">
          <reporter-output>
          </reporter-output>
        </test-method> <!-- TearDown -->
      </class> <!-- testCases.TC001_AccountRegistrationPage -->
    </test> <!-- Test -->
  </suite> <!-- Suite -->
</testng-results>
