<?xml version="1.0" encoding="UTF-8"?>
<testng-results ignored="0" total="2" passed="2" failed="0" skipped="0">
  <reporter-output>
  </reporter-output>
  <suite started-at="2026-01-31T20:21:27 IST" name="Suite" finished-at="2026-01-31T20:21:38 IST" duration-ms="11562">
    <groups>
      <group name="Master">
        <method signature="TC001_AccountRegistrationPage.verify_account()[pri:0, instance:testCases.TC001_AccountRegistrationPage@3f270e0a]" name="verify_account" class="testCases.TC001_AccountRegistrationPage"/>
        <method signature="TC002_LoginTest.Verify_login()[pri:0, instance:testCases.TC002_LoginTest@2250b9f2]" name="Verify_login" class="testCases.TC002_LoginTest"/>
      </group> <!-- Master -->
      <group name="Sanity">
        <method signature="TC001_AccountRegistrationPage.verify_account()[pri:0, instance:testCases.TC001_AccountRegistrationPage@3f270e0a]" name="verify_account" class="testCases.TC001_AccountRegistrationPage"/>
      </group> <!-- Sanity -->
    </groups>
    <test started-at="2026-01-31T20:21:27 IST" name="Test" finished-at="2026-01-31T20:21:38 IST" duration-ms="11562">
      <class name="testCases.TC002_LoginTest">
        <test-method is-config="true" signature="Setup(java.lang.String,java.lang.String)[pri:0, instance:testCases.TC002_LoginTest@2250b9f2]" started-at="2026-01-31T20:21:35 IST" name="Setup" finished-at="2026-01-31T20:21:36 IST" duration-ms="1568" status="PASS">
          <params>
            <param index="0">
              <value>
                <![CDATA[linux]]>
              </value>
            </param>
            <param index="1">
              <value>
                <![CDATA[chrome]]>
              </value>
            </param>
          </params>
          <reporter-output>
          </reporter-output>
        </test-method> <!-- Setup -->
        <test-method signature="Verify_login()[pri:0, instance:testCases.TC002_LoginTest@2250b9f2]" started-at="2026-01-31T20:21:36 IST" name="Verify_login" finished-at="2026-01-31T20:21:38 IST" duration-ms="1544" status="PASS">
          <reporter-output>
          </reporter-output>
        </test-method> <!-- Verify_login -->
        <test-method is-config="true" signature="TearDown()[pri:0, instance:testCases.TC002_LoginTest@2250b9f2]" started-at="2026-01-31T20:21:38 IST" name="TearDown" finished-at="2026-01-31T20:21:38 IST" duration-ms="90" status="PASS">
          <reporter-output>
          </reporter-output>
        </test-method> <!-- TearDown -->
      </class> <!-- testCases.TC002_LoginTest -->
      <class name="testCases.TC001_AccountRegistrationPage">
        <test-method is-config="true" signature="Setup(java.lang.String,java.lang.String)[pri:0, instance:testCases.TC001_AccountRegistrationPage@3f270e0a]" started-at="2026-01-31T20:21:27 IST" name="Setup" finished-at="2026-01-31T20:21:32 IST" duration-ms="5551" status="PASS">
          <params>
            <param index="0">
              <value>
                <![CDATA[linux]]>
              </value>
            </param>
            <param index="1">
              <value>
                <![CDATA[chrome]]>
              </value>
            </param>
          </params>
          <reporter-output>
          </reporter-output>
        </test-method> <!-- Setup -->
        <test-method signature="verify_account()[pri:0, instance:testCases.TC001_AccountRegistrationPage@3f270e0a]" started-at="2026-01-31T20:21:32 IST" name="verify_account" finished-at="2026-01-31T20:21:35 IST" duration-ms="2514" status="PASS">
          <reporter-output>
          </reporter-output>
        </test-method> <!-- verify_account -->
        <test-method is-config="true" signature="TearDown()[pri:0, instance:testCases.TC001_AccountRegistrationPage@3f270e0a]" started-at="2026-01-31T20:21:35 IST" name="TearDown" finished-at="2026-01-31T20:21:35 IST" duration-ms="88" status="PASS">
          <reporter-output>
          </reporter-output>
        </test-method> <!-- TearDown -->
      </class> <!-- testCases.TC001_AccountRegistrationPage -->
    </test> <!-- Test -->
  </suite> <!-- Suite -->
</testng-results>
